2024/03/17 20:27:48 ERROR: duplicate key value violates unique constraint "employees_username_key" (SQLSTATE 23505)
2024/03/17 22:00:23 ERROR: duplicate key value violates unique constraint "employees_username_key" (SQLSTATE 23505)
2024/03/17 22:05:36 ERROR: duplicate key value violates unique constraint "employees_username_key" (SQLSTATE 23505)
2024/03/17 22:06:34 ERROR: duplicate key value violates unique constraint "employees_username_key" (SQLSTATE 23505)
2024/03/17 22:08:12 ERROR: duplicate key value violates unique constraint "employees_username_key" (SQLSTATE 23505)
2024/03/17 22:13:47 ERROR: duplicate key value violates unique constraint "employees_username_key" (SQLSTATE 23505)
2024/03/17 22:15:56 ERROR: duplicate key value violates unique constraint "employees_username_key" (SQLSTATE 23505)
2024/03/17 22:15:58 ERROR: duplicate key value violates unique constraint "employees_username_key" (SQLSTATE 23505)
2024/03/18 22:32:45 ERROR: duplicate key value violates unique constraint "employees_username_key" (SQLSTATE 23505)
2024/03/18 22:35:58 ERROR: duplicate key value violates unique constraint "employees_username_key" (SQLSTATE 23505)
2024/03/18 22:58:31 ERROR: duplicate key value violates unique constraint "employees_username_key" (SQLSTATE 23505)
2024/03/18 23:19:15 ERROR: value too long for type character varying(15) (SQLSTATE 22001)
2024/03/24 19:09:40 ERROR: column "delete" of relation "employees" does not exist (SQLSTATE 42703)
2024/03/24 19:11:30 ERROR: invalid input syntax for type integer: "administradores" (SQLSTATE 22P02)
2024/03/24 20:56:00 ERROR: invalid input syntax for type uuid: "Domain81" (SQLSTATE 22P02)
2024/04/02 23:51:16 ERROR: invalid input syntax for type uuid: "" (SQLSTATE 22P02)
2024/04/02 23:55:49 ERROR: invalid input syntax for type uuid: "" (SQLSTATE 22P02)
2024/04/02 23:59:33 ERROR: invalid input syntax for type uuid: "" (SQLSTATE 22P02)
2024/04/03 00:27:05 ERROR: column "created_at" is of type timestamp without time zone but expression is of type time without time zone (SQLSTATE 42804)
2024/04/03 00:29:26 ERROR: column "created_at" is of type date but expression is of type time without time zone (SQLSTATE 42804)
2024/04/03 00:29:34 ERROR: column "created_at" is of type date but expression is of type time without time zone (SQLSTATE 42804)
2024/04/03 00:32:12 ERROR: column "created_at" is of type timestamp with time zone but expression is of type time without time zone (SQLSTATE 42804)
2024/04/05 19:16:08 ERROR: invalid input syntax for type uuid: "" (SQLSTATE 22P02)
2024/04/05 19:24:52 ERROR: invalid input syntax for type uuid: "" (SQLSTATE 22P02)
2024/04/05 19:30:26 ERROR: invalid input syntax for type uuid: "" (SQLSTATE 22P02)
2024/04/06 21:24:15 ERROR: duplicate key value violates unique constraint "employees_email_key" (SQLSTATE 23505)
2024/04/08 16:05:03 ERROR: duplicate key value violates unique constraint "employees_email_key" (SQLSTATE 23505)
2024/04/08 16:05:04 ERROR: duplicate key value violates unique constraint "employees_email_key" (SQLSTATE 23505)
2024/04/08 16:05:39 ERROR: duplicate key value violates unique constraint "employees_email_key" (SQLSTATE 23505)
2024/04/08 16:07:02 ERROR: duplicate key value violates unique constraint "employees_email_key" (SQLSTATE 23505)
2024/04/08 16:07:10 ERROR: duplicate key value violates unique constraint "employees_email_key" (SQLSTATE 23505)
2024/04/08 16:08:25 ERROR: duplicate key value violates unique constraint "employees_email_key" (SQLSTATE 23505)
2024/04/08 16:09:00 ERROR: duplicate key value violates unique constraint "employees_email_key" (SQLSTATE 23505)
2024/04/08 16:11:50 ERROR: duplicate key value violates unique constraint "employees_email_key" (SQLSTATE 23505)
